[2025-08-08 20:12:32] [INFO] ============================================================
[2025-08-08 20:12:32] [INFO] AllTalk TTS Comprehensive Fix Starting
[2025-08-08 20:12:32] [INFO] ============================================================
[2025-08-08 20:12:32] [INFO] 
--- Fix 1: Method Name ---
[2025-08-08 20:12:32] [INFO] STEP 1: Fixing save_config method calls...
[2025-08-08 20:12:32] [SUCCESS] Created backup: F:\Apps\freedom_system\freedom_system_2000\text-generation-webui\extensions\alltalk_tts\system\TGWUI_Extension\script.py.backup_20250808_201232
[2025-08-08 20:12:32] [INFO] Found 2 save_config() calls to fix
[2025-08-08 20:12:32] [SUCCESS] Updated file: F:\Apps\freedom_system\freedom_system_2000\text-generation-webui\extensions\alltalk_tts\system\TGWUI_Extension\script.py
[2025-08-08 20:12:32] [SUCCESS] Fixed 2 method calls
[2025-08-08 20:12:32] [INFO] 
--- Fix 2: Enhanced Logging ---
[2025-08-08 20:12:32] [INFO] STEP 2: Adding enhanced logging...
[2025-08-08 20:12:32] [SUCCESS] Added logging helper function
[2025-08-08 20:12:32] [SUCCESS] Updated file: F:\Apps\freedom_system\freedom_system_2000\text-generation-webui\extensions\alltalk_tts\system\TGWUI_Extension\script.py
[2025-08-08 20:12:32] [SUCCESS] Enhanced logging added
[2025-08-08 20:12:32] [INFO] 
--- Fix 3: Voice Validation ---
[2025-08-08 20:12:32] [INFO] STEP 3: Adding voice validation...
[2025-08-08 20:12:32] [SUCCESS] Added voice validation functions
[2025-08-08 20:12:32] [SUCCESS] Updated file: F:\Apps\freedom_system\freedom_system_2000\text-generation-webui\extensions\alltalk_tts\system\TGWUI_Extension\script.py
[2025-08-08 20:12:32] [SUCCESS] Voice validation added
[2025-08-08 20:12:32] [INFO] 
--- Fix 4: API Request Logging ---
[2025-08-08 20:12:32] [INFO] STEP 4: Adding API request logging...
[2025-08-08 20:12:32] [SUCCESS] Updated file: F:\Apps\freedom_system\freedom_system_2000\text-generation-webui\extensions\alltalk_tts\system\TGWUI_Extension\script.py
[2025-08-08 20:12:32] [SUCCESS] API logging enhanced
[2025-08-08 20:12:32] [INFO] 
--- Fix 5: Server Verification ---
[2025-08-08 20:12:32] [INFO] STEP 5: Verifying AllTalk server...
[2025-08-08 20:12:33] [SUCCESS] AllTalk server is running
[2025-08-08 20:12:33] [INFO] Found 19 voices available
[2025-08-08 20:12:33] [INFO]   - Arnold.wav
[2025-08-08 20:12:33] [INFO]   - Clint_Eastwood CC3 (enhanced).wav
[2025-08-08 20:12:33] [INFO]   - Clint_Eastwood CC3.wav
[2025-08-08 20:12:33] [INFO]   - David_Attenborough CC3.wav
[2025-08-08 20:12:33] [INFO]   - James_Earl_Jones CC3.wav
[2025-08-08 20:12:33] [INFO] 
============================================================
[2025-08-08 20:12:33] [INFO] SUMMARY OF FIXES:
[2025-08-08 20:12:33] [INFO]   SUCCESS: Fixed save_config method calls
[2025-08-08 20:12:33] [INFO]   SUCCESS: Added enhanced logging
[2025-08-08 20:12:33] [INFO]   SUCCESS: Added voice validation
[2025-08-08 20:12:33] [INFO]   SUCCESS: Enhanced API logging
[2025-08-08 20:12:33] [INFO]   SUCCESS: Server verified
[2025-08-08 20:12:33] [INFO] 
[DONE] All fixes applied successfully!
[2025-08-08 20:12:33] [INFO] NEXT STEPS:
[2025-08-08 20:12:33] [INFO]   1. Restart text-generation-webui
[2025-08-08 20:12:33] [INFO]   2. Click 'Refresh settings & voices' in AllTalk tab
[2025-08-08 20:12:33] [INFO]   3. Select a voice and it will be tested before saving
[2025-08-08 20:12:33] [INFO]   4. Check F:/Apps/freedom_system/log/alltalk_operations.log for detailed logs
