22:03:09.418 [BOREDOM-CONFIG-SYNC] [__init__] [INFO] Configuration Synchronizer initialized
22:03:09.419 [BOREDOM-CONFIG-SYNC] [sync_all_configs] [INFO] Starting configuration synchronization
22:03:09.420 [BOREDOM-CONFIG-SYNC] [load_all_configs] [DEBUG] Loaded response config
22:03:09.420 [BOREDOM-CONFIG-SYNC] [load_all_configs] [DEBUG] Loaded endpoints config
22:03:09.421 [BOREDOM-CONFIG-SYNC] [load_all_configs] [DEBUG] Loaded api_server config
22:03:09.421 [BOREDOM-CONFIG-SYNC] [load_all_configs] [DEBUG] Loaded cooldown config
22:03:09.422 [BOREDOM-CONFIG-SYNC] [load_all_configs] [DEBUG] Loaded templates config
22:03:09.422 [BOREDOM-CONFIG-SYNC] [sync_all_configs] [DEBUG] Configuration already synchronized
22:03:09.422 [BOREDOM-CONFIG-SYNC] [validate_config_integrity] [SUCCESS] Configuration validation passed
22:05:21.125 [BOREDOM-CONFIG-SYNC] [__init__] [INFO] Configuration Synchronizer initialized
22:05:21.125 [BOREDOM-CONFIG-SYNC] [sync_all_configs] [INFO] Starting configuration synchronization
22:05:21.125 [BOREDOM-CONFIG-SYNC] [load_all_configs] [DEBUG] Loaded response config
22:05:21.126 [BOREDOM-CONFIG-SYNC] [load_all_configs] [DEBUG] Loaded endpoints config
22:05:21.126 [BOREDOM-CONFIG-SYNC] [load_all_configs] [DEBUG] Loaded api_server config
22:05:21.127 [BOREDOM-CONFIG-SYNC] [load_all_configs] [DEBUG] Loaded cooldown config
22:05:21.127 [BOREDOM-CONFIG-SYNC] [load_all_configs] [DEBUG] Loaded templates config
22:05:21.127 [BOREDOM-CONFIG-SYNC] [sync_all_configs] [DEBUG] Configuration already synchronized
22:05:21.127 [BOREDOM-CONFIG-SYNC] [validate_config_integrity] [SUCCESS] Configuration validation passed
23:27:18.540 [BOREDOM-CONFIG-SYNC] [__init__] [INFO] Configuration Synchronizer initialized
23:27:18.541 [BOREDOM-CONFIG-SYNC] [sync_all_configs] [INFO] Starting configuration synchronization
23:27:18.541 [BOREDOM-CONFIG-SYNC] [load_all_configs] [DEBUG] Loaded response config
23:27:18.542 [BOREDOM-CONFIG-SYNC] [load_all_configs] [DEBUG] Loaded endpoints config
23:27:18.542 [BOREDOM-CONFIG-SYNC] [load_all_configs] [DEBUG] Loaded api_server config
23:27:18.542 [BOREDOM-CONFIG-SYNC] [load_all_configs] [DEBUG] Loaded cooldown config
23:27:18.543 [BOREDOM-CONFIG-SYNC] [load_all_configs] [DEBUG] Loaded templates config
23:27:18.543 [BOREDOM-CONFIG-SYNC] [sync_all_configs] [DEBUG] Configuration already synchronized
23:27:18.543 [BOREDOM-CONFIG-SYNC] [validate_config_integrity] [SUCCESS] Configuration validation passed
22:14:45.585 [BOREDOM-CONFIG-SYNC] [__init__] [INFO] Configuration Synchronizer initialized
22:14:45.585 [BOREDOM-CONFIG-SYNC] [sync_all_configs] [INFO] Starting configuration synchronization
22:14:45.586 [BOREDOM-CONFIG-SYNC] [load_all_configs] [DEBUG] Loaded response config
22:14:45.587 [BOREDOM-CONFIG-SYNC] [load_all_configs] [DEBUG] Loaded endpoints config
22:14:45.587 [BOREDOM-CONFIG-SYNC] [load_all_configs] [DEBUG] Loaded api_server config
22:14:45.588 [BOREDOM-CONFIG-SYNC] [load_all_configs] [DEBUG] Loaded cooldown config
22:14:45.588 [BOREDOM-CONFIG-SYNC] [load_all_configs] [DEBUG] Loaded templates config
22:14:45.588 [BOREDOM-CONFIG-SYNC] [sync_all_configs] [DEBUG] Configuration already synchronized
22:14:45.589 [BOREDOM-CONFIG-SYNC] [validate_config_integrity] [SUCCESS] Configuration validation passed
00:43:24.684 [BOREDOM-CONFIG-SYNC] [__init__] [INFO] Configuration Synchronizer initialized
00:43:24.685 [BOREDOM-CONFIG-SYNC] [sync_all_configs] [INFO] Starting configuration synchronization
00:43:24.686 [BOREDOM-CONFIG-SYNC] [load_all_configs] [DEBUG] Loaded response config
00:43:24.688 [BOREDOM-CONFIG-SYNC] [load_all_configs] [DEBUG] Loaded endpoints config
00:43:24.689 [BOREDOM-CONFIG-SYNC] [load_all_configs] [DEBUG] Loaded api_server config
00:43:24.689 [BOREDOM-CONFIG-SYNC] [load_all_configs] [DEBUG] Loaded cooldown config
00:43:24.690 [BOREDOM-CONFIG-SYNC] [load_all_configs] [DEBUG] Loaded templates config
00:43:24.690 [BOREDOM-CONFIG-SYNC] [sync_all_configs] [DEBUG] Configuration already synchronized
00:43:24.690 [BOREDOM-CONFIG-SYNC] [validate_config_integrity] [SUCCESS] Configuration validation passed
01:14:58.232 [BOREDOM-CONFIG-SYNC] [__init__] [INFO] Configuration Synchronizer initialized
01:14:58.232 [BOREDOM-CONFIG-SYNC] [sync_all_configs] [INFO] Starting configuration synchronization
01:14:58.233 [BOREDOM-CONFIG-SYNC] [load_all_configs] [DEBUG] Loaded response config
01:14:58.233 [BOREDOM-CONFIG-SYNC] [load_all_configs] [DEBUG] Loaded endpoints config
01:14:58.233 [BOREDOM-CONFIG-SYNC] [load_all_configs] [DEBUG] Loaded api_server config
01:14:58.234 [BOREDOM-CONFIG-SYNC] [load_all_configs] [DEBUG] Loaded cooldown config
01:14:58.234 [BOREDOM-CONFIG-SYNC] [load_all_configs] [DEBUG] Loaded templates config
01:14:58.234 [BOREDOM-CONFIG-SYNC] [sync_all_configs] [DEBUG] Configuration already synchronized
01:14:58.234 [BOREDOM-CONFIG-SYNC] [validate_config_integrity] [SUCCESS] Configuration validation passed
01:26:13.650 [BOREDOM-CONFIG-SYNC] [__init__] [INFO] Configuration Synchronizer initialized
01:26:13.650 [BOREDOM-CONFIG-SYNC] [sync_all_configs] [INFO] Starting configuration synchronization
01:26:13.651 [BOREDOM-CONFIG-SYNC] [load_all_configs] [DEBUG] Loaded response config
01:26:13.651 [BOREDOM-CONFIG-SYNC] [load_all_configs] [DEBUG] Loaded endpoints config
01:26:13.652 [BOREDOM-CONFIG-SYNC] [load_all_configs] [DEBUG] Loaded api_server config
01:26:13.652 [BOREDOM-CONFIG-SYNC] [load_all_configs] [DEBUG] Loaded cooldown config
01:26:13.652 [BOREDOM-CONFIG-SYNC] [load_all_configs] [DEBUG] Loaded templates config
01:26:13.653 [BOREDOM-CONFIG-SYNC] [sync_all_configs] [DEBUG] Configuration already synchronized
01:26:13.653 [BOREDOM-CONFIG-SYNC] [validate_config_integrity] [SUCCESS] Configuration validation passed
17:09:04.558 [BOREDOM-CONFIG-SYNC] [__init__] [INFO] Configuration Synchronizer initialized
17:09:04.560 [BOREDOM-CONFIG-SYNC] [sync_all_configs] [INFO] Starting configuration synchronization
17:09:04.562 [BOREDOM-CONFIG-SYNC] [load_all_configs] [DEBUG] Loaded response config
17:09:04.563 [BOREDOM-CONFIG-SYNC] [load_all_configs] [DEBUG] Loaded endpoints config
17:09:04.563 [BOREDOM-CONFIG-SYNC] [load_all_configs] [DEBUG] Loaded api_server config
17:09:04.564 [BOREDOM-CONFIG-SYNC] [load_all_configs] [DEBUG] Loaded cooldown config
17:09:04.565 [BOREDOM-CONFIG-SYNC] [load_all_configs] [DEBUG] Loaded templates config
17:09:04.565 [BOREDOM-CONFIG-SYNC] [sync_all_configs] [DEBUG] Configuration already synchronized
17:09:04.565 [BOREDOM-CONFIG-SYNC] [validate_config_integrity] [SUCCESS] Configuration validation passed
19:25:38.263 [BOREDOM-CONFIG-SYNC] [__init__] [INFO] Configuration Synchronizer initialized
19:25:38.263 [BOREDOM-CONFIG-SYNC] [sync_all_configs] [INFO] Starting configuration synchronization
19:25:38.263 [BOREDOM-CONFIG-SYNC] [load_all_configs] [DEBUG] Loaded response config
19:25:38.263 [BOREDOM-CONFIG-SYNC] [load_all_configs] [DEBUG] Loaded endpoints config
19:25:38.264 [BOREDOM-CONFIG-SYNC] [load_all_configs] [DEBUG] Loaded api_server config
19:25:38.265 [BOREDOM-CONFIG-SYNC] [load_all_configs] [DEBUG] Loaded cooldown config
19:25:38.269 [BOREDOM-CONFIG-SYNC] [load_all_configs] [DEBUG] Loaded templates config
19:25:38.277 [BOREDOM-CONFIG-SYNC] [sync_all_configs] [DEBUG] Configuration already synchronized
19:25:38.278 [BOREDOM-CONFIG-SYNC] [validate_config_integrity] [SUCCESS] Configuration validation passed
