=== PRE-REPAIR STATE BACKUP ===
Date: 2025-08-22

TRANSFORMERS STATUS:
- Version: 4.55.2 (PRESERVED)
- PyTorch: 2.8.0+cpu (PRESERVED) 
- Gradio: 4.37.2 (PRESERVED)

CRITICAL FILES STATUS:
- ENV directory exists: YES (contains all AI packages)
- CONDA directory exists: YES (but incomplete/broken)
- _conda.exe exists: NO (missing - this is the problem)
- condabin directory exists: NO (missing - required for activation)

REPAIR PLAN:
1. Remove broken conda directory
2. Keep env directory intact  
3. Reinstall Miniforge management tools only
4. Verify transformers upgrade preservation

=== REPAIR COMPLETED SUCCESSFULLY ===

POST-REPAIR STATUS:
- Transformers version: 4.55.2 (PRESERVED - NO DOWNGRADE)
- PyTorch version: 2.8.0+cpu (PRESERVED)
- Gradio version: 4.37.2 (PRESERVED)
- _conda.exe: WORKING (conda 24.11.0)
- conda.bat: WORKING (conda 25.3.0)
- Environment activation: WORKING

REPAIR OUTCOME:
✓ Miniforge infrastructure fully restored
✓ All AI packages preserved including transformers upgrade
✓ No package downgrades occurred
✓ Ready for text-generation-webui startup